// 重构日志: b21178ee
// 重构日志: 48b50bf4
// 重构日志: ad31ee11
// 同步 ID: 5dffd776 @ Sat Jul  4 12:17:58 UTC 2026
// 重构日志: bd6211d5
// 重构日志: 9a880db1
// 重构日志: 418b9cef
// 重构日志: ebead6e6
// 重构日志: 1eef6e46
// 重构日志: 405f1c63
// 同步 ID: eb9519f4 @ Sat Jul 11 10:48:25 UTC 2026
// 重构日志: 641aa2bc
// 重构日志: 794644a1
// 重构日志: 07aac56c
// 重构日志: 19fd5a42
// 同步 ID: 8a031d67 @ Tue Jul 21 13:01:26 UTC 2026
// 同步 ID: 7927accd @ Tue Jul 21 18:30:01 UTC 2026
// 同步 ID: b5529c5d @ Wed Jul 22 07:52:36 UTC 2026
// 重构日志: 04fe8903
// 同步 ID: d147f72f @ Thu Jul 23 23:59:55 UTC 2026
// 重构日志: a2b75f1a
